{"C:\\Users\\huyto\\Desktop\\University\\2022-2023 - Proj đồ án\\glowup-frontend\\App.js": {"path":"C:\\Users\\huyto\\Desktop\\University\\2022-2023 - Proj đồ án\\glowup-frontend\\App.js","statementMap":{"0":{"start":{"line":10,"column":14},"end":{"line":10,"column":42}},"1":{"start":{"line":11,"column":14},"end":{"line":11,"column":57}},"2":{"start":{"line":14,"column":19},"end":{"line":20,"column":4}},"3":{"start":{"line":22,"column":2},"end":{"line":22,"column":27}},"4":{"start":{"line":22,"column":15},"end":{"line":22,"column":27}},"5":{"start":{"line":24,"column":2},"end":{"line":40,"column":4}}},"fnMap":{"0":{"name":"App","decl":{"start":{"line":13,"column":24},"end":{"line":13,"column":27}},"loc":{"start":{"line":13,"column":30},"end":{"line":41,"column":1}},"line":13}},"branchMap":{"0":{"loc":{"start":{"line":22,"column":2},"end":{"line":22,"column":27}},"type":"if","locations":[{"start":{"line":22,"column":2},"end":{"line":22,"column":27}},{"start":{},"end":{}}],"line":22}},"s":{"0":1,"1":1,"2":2,"3":2,"4":2,"5":0},"f":{"0":2},"b":{"0":[2,0]},"_coverageSchema":"1a1c01bbd47fc00a2c39e90264f33305004495a9","hash":"7a3a9ce223294a5e9ddb25ed125641eb4fe568a6"}
,"C:\\Users\\huyto\\Desktop\\University\\2022-2023 - Proj đồ án\\glowup-frontend\\src\\action\\FriendAction.js": {"path":"C:\\Users\\huyto\\Desktop\\University\\2022-2023 - Proj đồ án\\glowup-frontend\\src\\action\\FriendAction.js","statementMap":{"0":{"start":{"line":1,"column":25},"end":{"line":4,"column":2}},"1":{"start":{"line":1,"column":44},"end":{"line":4,"column":1}}},"fnMap":{"0":{"name":"(anonymous_0)","decl":{"start":{"line":1,"column":25},"end":{"line":1,"column":26}},"loc":{"start":{"line":1,"column":44},"end":{"line":4,"column":1}},"line":1}},"branchMap":{},"s":{"0":1,"1":0},"f":{"0":0},"b":{},"_coverageSchema":"1a1c01bbd47fc00a2c39e90264f33305004495a9","hash":"fd0c04eb1c0a8b90bbbeb1cbfc8a2ca881f9e946"}
,"C:\\Users\\huyto\\Desktop\\University\\2022-2023 - Proj đồ án\\glowup-frontend\\src\\action\\index.js": {"path":"C:\\Users\\huyto\\Desktop\\University\\2022-2023 - Proj đồ án\\glowup-frontend\\src\\action\\index.js","statementMap":{},"fnMap":{},"branchMap":{},"s":{},"f":{},"b":{},"_coverageSchema":"1a1c01bbd47fc00a2c39e90264f33305004495a9","hash":"f698314eedb881d2e8ae1e4ad2191441ddc72307"}
,"C:\\Users\\huyto\\Desktop\\University\\2022-2023 - Proj đồ án\\glowup-frontend\\src\\components\\Button.js": {"path":"C:\\Users\\huyto\\Desktop\\University\\2022-2023 - Proj đồ án\\glowup-frontend\\src\\components\\Button.js","statementMap":{"0":{"start":{"line":6,"column":28},"end":{"line":29,"column":1}},"1":{"start":{"line":7,"column":2},"end":{"line":28,"column":4}},"2":{"start":{"line":31,"column":26},"end":{"line":55,"column":1}},"3":{"start":{"line":32,"column":2},"end":{"line":54,"column":4}}},"fnMap":{"0":{"name":"(anonymous_0)","decl":{"start":{"line":6,"column":28},"end":{"line":6,"column":29}},"loc":{"start":{"line":6,"column":67},"end":{"line":29,"column":1}},"line":6},"1":{"name":"(anonymous_1)","decl":{"start":{"line":31,"column":26},"end":{"line":31,"column":27}},"loc":{"start":{"line":31,"column":77},"end":{"line":55,"column":1}},"line":31}},"branchMap":{},"s":{"0":1,"1":0,"2":1,"3":0},"f":{"0":0,"1":0},"b":{},"_coverageSchema":"1a1c01bbd47fc00a2c39e90264f33305004495a9","hash":"f0a3b2a006c185336fa8a0b33c09cf4bb0fae0ed"}
,"C:\\Users\\huyto\\Desktop\\University\\2022-2023 - Proj đồ án\\glowup-frontend\\src\\components\\FocusedStatusBar.js": {"path":"C:\\Users\\huyto\\Desktop\\University\\2022-2023 - Proj đồ án\\glowup-frontend\\src\\components\\FocusedStatusBar.js","statementMap":{"0":{"start":{"line":5,"column":25},"end":{"line":9,"column":1}},"1":{"start":{"line":6,"column":20},"end":{"line":6,"column":34}},"2":{"start":{"line":8,"column":2},"end":{"line":8,"column":69}}},"fnMap":{"0":{"name":"(anonymous_0)","decl":{"start":{"line":5,"column":25},"end":{"line":5,"column":26}},"loc":{"start":{"line":5,"column":36},"end":{"line":9,"column":1}},"line":5}},"branchMap":{"0":{"loc":{"start":{"line":8,"column":9},"end":{"line":8,"column":68}},"type":"cond-expr","locations":[{"start":{"line":8,"column":21},"end":{"line":8,"column":61}},{"start":{"line":8,"column":64},"end":{"line":8,"column":68}}],"line":8}},"s":{"0":1,"1":0,"2":0},"f":{"0":0},"b":{"0":[0,0]},"_coverageSchema":"1a1c01bbd47fc00a2c39e90264f33305004495a9","hash":"a8d7578fea274bea51b8fb834944c412ce3ddca0"}
,"C:\\Users\\huyto\\Desktop\\University\\2022-2023 - Proj đồ án\\glowup-frontend\\src\\components\\Layout.js": {"path":"C:\\Users\\huyto\\Desktop\\University\\2022-2023 - Proj đồ án\\glowup-frontend\\src\\components\\Layout.js","statementMap":{"0":{"start":{"line":8,"column":4},"end":{"line":35,"column":6}},"1":{"start":{"line":29,"column":31},"end":{"line":29,"column":61}}},"fnMap":{"0":{"name":"(anonymous_0)","decl":{"start":{"line":7,"column":2},"end":{"line":7,"column":3}},"loc":{"start":{"line":7,"column":11},"end":{"line":36,"column":3}},"line":7},"1":{"name":"(anonymous_1)","decl":{"start":{"line":29,"column":25},"end":{"line":29,"column":26}},"loc":{"start":{"line":29,"column":31},"end":{"line":29,"column":61}},"line":29}},"branchMap":{},"s":{"0":0,"1":0},"f":{"0":0,"1":0},"b":{},"_coverageSchema":"1a1c01bbd47fc00a2c39e90264f33305004495a9","hash":"c325e3ce361b73227cf401a16a4f480e3dd4639b"}
,"C:\\Users\\huyto\\Desktop\\University\\2022-2023 - Proj đồ án\\glowup-frontend\\src\\components\\ProgressBar.js": {"path":"C:\\Users\\huyto\\Desktop\\University\\2022-2023 - Proj đồ án\\glowup-frontend\\src\\components\\ProgressBar.js","statementMap":{"0":{"start":{"line":6,"column":10},"end":{"line":8,"column":3}},"1":{"start":{"line":11,"column":4},"end":{"line":11,"column":30}},"2":{"start":{"line":12,"column":4},"end":{"line":12,"column":30}},"3":{"start":{"line":13,"column":4},"end":{"line":13,"column":30}},"4":{"start":{"line":14,"column":4},"end":{"line":14,"column":30}},"5":{"start":{"line":17,"column":13},"end":{"line":17,"column":25}},"6":{"start":{"line":20,"column":27},"end":{"line":20,"column":37}},"7":{"start":{"line":21,"column":4},"end":{"line":21,"column":68}},"8":{"start":{"line":22,"column":4},"end":{"line":22,"column":34}},"9":{"start":{"line":24,"column":4},"end":{"line":28,"column":5}},"10":{"start":{"line":25,"column":6},"end":{"line":27,"column":14}},"11":{"start":{"line":26,"column":8},"end":{"line":26,"column":44}},"12":{"start":{"line":32,"column":4},"end":{"line":40,"column":6}},"13":{"start":{"line":44,"column":27},"end":{"line":44,"column":37}},"14":{"start":{"line":46,"column":4},"end":{"line":88,"column":6}},"15":{"start":{"line":92,"column":15},"end":{"line":109,"column":2}}},"fnMap":{"0":{"name":"(anonymous_0)","decl":{"start":{"line":10,"column":2},"end":{"line":10,"column":3}},"loc":{"start":{"line":10,"column":22},"end":{"line":15,"column":3}},"line":10},"1":{"name":"(anonymous_1)","decl":{"start":{"line":19,"column":2},"end":{"line":19,"column":3}},"loc":{"start":{"line":19,"column":33},"end":{"line":29,"column":3}},"line":19},"2":{"name":"(anonymous_2)","decl":{"start":{"line":25,"column":17},"end":{"line":25,"column":18}},"loc":{"start":{"line":25,"column":23},"end":{"line":27,"column":7}},"line":25},"3":{"name":"(anonymous_3)","decl":{"start":{"line":31,"column":2},"end":{"line":31,"column":3}},"loc":{"start":{"line":31,"column":22},"end":{"line":41,"column":3}},"line":31},"4":{"name":"(anonymous_4)","decl":{"start":{"line":43,"column":2},"end":{"line":43,"column":3}},"loc":{"start":{"line":43,"column":11},"end":{"line":89,"column":3}},"line":43}},"branchMap":{"0":{"loc":{"start":{"line":24,"column":4},"end":{"line":28,"column":5}},"type":"if","locations":[{"start":{"line":24,"column":4},"end":{"line":28,"column":5}},{"start":{},"end":{}}],"line":24}},"s":{"0":0,"1":0,"2":0,"3":0,"4":0,"5":0,"6":0,"7":0,"8":0,"9":0,"10":0,"11":0,"12":0,"13":0,"14":0,"15":0},"f":{"0":0,"1":0,"2":0,"3":0,"4":0},"b":{"0":[0,0]}}
,"C:\\Users\\huyto\\Desktop\\University\\2022-2023 - Proj đồ án\\glowup-frontend\\src\\components\\index.js": {"path":"C:\\Users\\huyto\\Desktop\\University\\2022-2023 - Proj đồ án\\glowup-frontend\\src\\components\\index.js","statementMap":{},"fnMap":{},"branchMap":{},"s":{},"f":{},"b":{},"_coverageSchema":"1a1c01bbd47fc00a2c39e90264f33305004495a9","hash":"7263ca50aff62c190d0f773a7483d36d5d07bc62"}
,"C:\\Users\\huyto\\Desktop\\University\\2022-2023 - Proj đồ án\\glowup-frontend\\src\\components\\Form\\LoginForm.js": {"path":"C:\\Users\\huyto\\Desktop\\University\\2022-2023 - Proj đồ án\\glowup-frontend\\src\\components\\Form\\LoginForm.js","statementMap":{"0":{"start":{"line":4,"column":22},"end":{"line":4,"column":31}},"1":{"start":{"line":8,"column":4},"end":{"line":80,"column":6}},"2":{"start":{"line":30,"column":14},"end":{"line":30,"column":57}},"3":{"start":{"line":47,"column":32},"end":{"line":47,"column":54}},"4":{"start":{"line":55,"column":32},"end":{"line":55,"column":54}},"5":{"start":{"line":57,"column":46},"end":{"line":57,"column":62}},"6":{"start":{"line":75,"column":14},"end":{"line":75,"column":53}}},"fnMap":{"0":{"name":"(anonymous_0)","decl":{"start":{"line":7,"column":2},"end":{"line":7,"column":3}},"loc":{"start":{"line":7,"column":11},"end":{"line":81,"column":3}},"line":7},"1":{"name":"(anonymous_1)","decl":{"start":{"line":29,"column":21},"end":{"line":29,"column":22}},"loc":{"start":{"line":29,"column":27},"end":{"line":31,"column":13}},"line":29},"2":{"name":"(anonymous_2)","decl":{"start":{"line":47,"column":26},"end":{"line":47,"column":27}},"loc":{"start":{"line":47,"column":32},"end":{"line":47,"column":54}},"line":47},"3":{"name":"(anonymous_3)","decl":{"start":{"line":55,"column":26},"end":{"line":55,"column":27}},"loc":{"start":{"line":55,"column":32},"end":{"line":55,"column":54}},"line":55},"4":{"name":"(anonymous_4)","decl":{"start":{"line":57,"column":35},"end":{"line":57,"column":36}},"loc":{"start":{"line":57,"column":46},"end":{"line":57,"column":62}},"line":57},"5":{"name":"(anonymous_5)","decl":{"start":{"line":74,"column":21},"end":{"line":74,"column":22}},"loc":{"start":{"line":74,"column":27},"end":{"line":76,"column":13}},"line":74}},"branchMap":{},"s":{"0":1,"1":0,"2":0,"3":0,"4":0,"5":0,"6":0},"f":{"0":0,"1":0,"2":0,"3":0,"4":0,"5":0},"b":{},"_coverageSchema":"1a1c01bbd47fc00a2c39e90264f33305004495a9","hash":"50bc154ad9f193dcf7d9f851208312ef77a5786a"}
,"C:\\Users\\huyto\\Desktop\\University\\2022-2023 - Proj đồ án\\glowup-frontend\\src\\components\\Form\\RegisterForm.js": {"path":"C:\\Users\\huyto\\Desktop\\University\\2022-2023 - Proj đồ án\\glowup-frontend\\src\\components\\Form\\RegisterForm.js","statementMap":{"0":{"start":{"line":4,"column":22},"end":{"line":4,"column":31}},"1":{"start":{"line":8,"column":4},"end":{"line":95,"column":6}},"2":{"start":{"line":29,"column":14},"end":{"line":29,"column":54}},"3":{"start":{"line":46,"column":32},"end":{"line":46,"column":54}},"4":{"start":{"line":48,"column":46},"end":{"line":48,"column":62}},"5":{"start":{"line":54,"column":32},"end":{"line":54,"column":54}},"6":{"start":{"line":62,"column":32},"end":{"line":62,"column":54}},"7":{"start":{"line":64,"column":46},"end":{"line":64,"column":62}},"8":{"start":{"line":70,"column":32},"end":{"line":70,"column":54}},"9":{"start":{"line":72,"column":46},"end":{"line":72,"column":62}},"10":{"start":{"line":90,"column":14},"end":{"line":90,"column":53}}},"fnMap":{"0":{"name":"(anonymous_0)","decl":{"start":{"line":7,"column":2},"end":{"line":7,"column":3}},"loc":{"start":{"line":7,"column":11},"end":{"line":96,"column":3}},"line":7},"1":{"name":"(anonymous_1)","decl":{"start":{"line":28,"column":21},"end":{"line":28,"column":22}},"loc":{"start":{"line":28,"column":27},"end":{"line":30,"column":13}},"line":28},"2":{"name":"(anonymous_2)","decl":{"start":{"line":46,"column":26},"end":{"line":46,"column":27}},"loc":{"start":{"line":46,"column":32},"end":{"line":46,"column":54}},"line":46},"3":{"name":"(anonymous_3)","decl":{"start":{"line":48,"column":35},"end":{"line":48,"column":36}},"loc":{"start":{"line":48,"column":46},"end":{"line":48,"column":62}},"line":48},"4":{"name":"(anonymous_4)","decl":{"start":{"line":54,"column":26},"end":{"line":54,"column":27}},"loc":{"start":{"line":54,"column":32},"end":{"line":54,"column":54}},"line":54},"5":{"name":"(anonymous_5)","decl":{"start":{"line":62,"column":26},"end":{"line":62,"column":27}},"loc":{"start":{"line":62,"column":32},"end":{"line":62,"column":54}},"line":62},"6":{"name":"(anonymous_6)","decl":{"start":{"line":64,"column":35},"end":{"line":64,"column":36}},"loc":{"start":{"line":64,"column":46},"end":{"line":64,"column":62}},"line":64},"7":{"name":"(anonymous_7)","decl":{"start":{"line":70,"column":26},"end":{"line":70,"column":27}},"loc":{"start":{"line":70,"column":32},"end":{"line":70,"column":54}},"line":70},"8":{"name":"(anonymous_8)","decl":{"start":{"line":72,"column":35},"end":{"line":72,"column":36}},"loc":{"start":{"line":72,"column":46},"end":{"line":72,"column":62}},"line":72},"9":{"name":"(anonymous_9)","decl":{"start":{"line":89,"column":21},"end":{"line":89,"column":22}},"loc":{"start":{"line":89,"column":27},"end":{"line":91,"column":13}},"line":89}},"branchMap":{},"s":{"0":1,"1":0,"2":0,"3":0,"4":0,"5":0,"6":0,"7":0,"8":0,"9":0,"10":0},"f":{"0":0,"1":0,"2":0,"3":0,"4":0,"5":0,"6":0,"7":0,"8":0,"9":0},"b":{},"_coverageSchema":"1a1c01bbd47fc00a2c39e90264f33305004495a9","hash":"b6a2248239673bb6a747a199fb18fa82977a5811"}
,"C:\\Users\\huyto\\Desktop\\University\\2022-2023 - Proj đồ án\\glowup-frontend\\src\\components\\Form\\index.js": {"path":"C:\\Users\\huyto\\Desktop\\University\\2022-2023 - Proj đồ án\\glowup-frontend\\src\\components\\Form\\index.js","statementMap":{},"fnMap":{},"branchMap":{},"s":{},"f":{},"b":{},"_coverageSchema":"1a1c01bbd47fc00a2c39e90264f33305004495a9","hash":"a6e796bef13f8bc3caafee42d9c9d1e211323b89"}
,"C:\\Users\\huyto\\Desktop\\University\\2022-2023 - Proj đồ án\\glowup-frontend\\src\\components\\Header\\HomeHeader.js": {"path":"C:\\Users\\huyto\\Desktop\\University\\2022-2023 - Proj đồ án\\glowup-frontend\\src\\components\\Header\\HomeHeader.js","statementMap":{"0":{"start":{"line":7,"column":4},"end":{"line":59,"column":6}}},"fnMap":{"0":{"name":"(anonymous_0)","decl":{"start":{"line":6,"column":2},"end":{"line":6,"column":3}},"loc":{"start":{"line":6,"column":11},"end":{"line":60,"column":3}},"line":6}},"branchMap":{},"s":{"0":0},"f":{"0":0},"b":{},"_coverageSchema":"1a1c01bbd47fc00a2c39e90264f33305004495a9","hash":"105e5a8a9b794ed30e171e6fadbea297e0caa9d7"}
,"C:\\Users\\huyto\\Desktop\\University\\2022-2023 - Proj đồ án\\glowup-frontend\\src\\components\\Header\\index.js": {"path":"C:\\Users\\huyto\\Desktop\\University\\2022-2023 - Proj đồ án\\glowup-frontend\\src\\components\\Header\\index.js","statementMap":{},"fnMap":{},"branchMap":{},"s":{},"f":{},"b":{},"_coverageSchema":"1a1c01bbd47fc00a2c39e90264f33305004495a9","hash":"9de0145391e66c0a95fb6b5e31b5a837372b8878"}
,"C:\\Users\\huyto\\Desktop\\University\\2022-2023 - Proj đồ án\\glowup-frontend\\src\\components\\Survey\\Step1.js": {"path":"C:\\Users\\huyto\\Desktop\\University\\2022-2023 - Proj đồ án\\glowup-frontend\\src\\components\\Survey\\Step1.js","statementMap":{"0":{"start":{"line":8,"column":21},"end":{"line":68,"column":1}},"1":{"start":{"line":9,"column":26},"end":{"line":9,"column":35}},"2":{"start":{"line":11,"column":15},"end":{"line":11,"column":41}},"3":{"start":{"line":11,"column":34},"end":{"line":11,"column":40}},"4":{"start":{"line":13,"column":19},"end":{"line":15,"column":8}},"5":{"start":{"line":14,"column":4},"end":{"line":14,"column":72}},"6":{"start":{"line":14,"column":36},"end":{"line":14,"column":69}},"7":{"start":{"line":17,"column":2},"end":{"line":67,"column":4}},"8":{"start":{"line":70,"column":15},"end":{"line":81,"column":2}}},"fnMap":{"0":{"name":"(anonymous_0)","decl":{"start":{"line":8,"column":21},"end":{"line":8,"column":22}},"loc":{"start":{"line":8,"column":27},"end":{"line":68,"column":1}},"line":8},"1":{"name":"(anonymous_1)","decl":{"start":{"line":11,"column":27},"end":{"line":11,"column":28}},"loc":{"start":{"line":11,"column":34},"end":{"line":11,"column":40}},"line":11},"2":{"name":"(anonymous_2)","decl":{"start":{"line":13,"column":31},"end":{"line":13,"column":32}},"loc":{"start":{"line":13,"column":43},"end":{"line":15,"column":3}},"line":13},"3":{"name":"(anonymous_3)","decl":{"start":{"line":14,"column":25},"end":{"line":14,"column":26}},"loc":{"start":{"line":14,"column":36},"end":{"line":14,"column":69}},"line":14}},"branchMap":{},"s":{"0":1,"1":0,"2":0,"3":0,"4":0,"5":0,"6":0,"7":0,"8":1},"f":{"0":0,"1":0,"2":0,"3":0},"b":{},"_coverageSchema":"1a1c01bbd47fc00a2c39e90264f33305004495a9","hash":"23e96127d668e104947c4a8b9d404867f798acee"}
,"C:\\Users\\huyto\\Desktop\\University\\2022-2023 - Proj đồ án\\glowup-frontend\\src\\components\\Survey\\Step2.js": {"path":"C:\\Users\\huyto\\Desktop\\University\\2022-2023 - Proj đồ án\\glowup-frontend\\src\\components\\Survey\\Step2.js","statementMap":{"0":{"start":{"line":8,"column":17},"end":{"line":54,"column":1}},"1":{"start":{"line":9,"column":2},"end":{"line":53,"column":4}},"2":{"start":{"line":56,"column":15},"end":{"line":67,"column":2}}},"fnMap":{"0":{"name":"(anonymous_0)","decl":{"start":{"line":8,"column":17},"end":{"line":8,"column":18}},"loc":{"start":{"line":8,"column":23},"end":{"line":54,"column":1}},"line":8}},"branchMap":{},"s":{"0":1,"1":0,"2":1},"f":{"0":0},"b":{},"_coverageSchema":"1a1c01bbd47fc00a2c39e90264f33305004495a9","hash":"61b8a88efe44b32cb5a54542f03a7ff80dc97455"}
,"C:\\Users\\huyto\\Desktop\\University\\2022-2023 - Proj đồ án\\glowup-frontend\\src\\components\\Survey\\Step3.js": {"path":"C:\\Users\\huyto\\Desktop\\University\\2022-2023 - Proj đồ án\\glowup-frontend\\src\\components\\Survey\\Step3.js","statementMap":{"0":{"start":{"line":8,"column":19},"end":{"line":69,"column":1}},"1":{"start":{"line":9,"column":2},"end":{"line":68,"column":4}},"2":{"start":{"line":71,"column":15},"end":{"line":82,"column":2}}},"fnMap":{"0":{"name":"(anonymous_0)","decl":{"start":{"line":8,"column":19},"end":{"line":8,"column":20}},"loc":{"start":{"line":8,"column":25},"end":{"line":69,"column":1}},"line":8}},"branchMap":{},"s":{"0":1,"1":0,"2":1},"f":{"0":0},"b":{},"_coverageSchema":"1a1c01bbd47fc00a2c39e90264f33305004495a9","hash":"5e3d40283e7ef51e608bb7f0ef9e5403f0e9c8de"}
,"C:\\Users\\huyto\\Desktop\\University\\2022-2023 - Proj đồ án\\glowup-frontend\\src\\components\\Survey\\index.js": {"path":"C:\\Users\\huyto\\Desktop\\University\\2022-2023 - Proj đồ án\\glowup-frontend\\src\\components\\Survey\\index.js","statementMap":{"0":{"start":{"line":16,"column":4},"end":{"line":16,"column":17}},"1":{"start":{"line":18,"column":4},"end":{"line":24,"column":6}},"2":{"start":{"line":27,"column":25},"end":{"line":29,"column":3}},"3":{"start":{"line":28,"column":4},"end":{"line":28,"column":35}},"4":{"start":{"line":31,"column":15},"end":{"line":35,"column":3}},"5":{"start":{"line":32,"column":4},"end":{"line":34,"column":13}},"6":{"start":{"line":33,"column":6},"end":{"line":33,"column":49}},"7":{"start":{"line":37,"column":17},"end":{"line":42,"column":3}},"8":{"start":{"line":38,"column":45},"end":{"line":38,"column":55}},"9":{"start":{"line":39,"column":24},"end":{"line":39,"column":71}},"10":{"start":{"line":41,"column":4},"end":{"line":41,"column":35}},"11":{"start":{"line":44,"column":21},"end":{"line":54,"column":3}},"12":{"start":{"line":45,"column":4},"end":{"line":53,"column":6}},"13":{"start":{"line":56,"column":17},"end":{"line":78,"column":3}},"14":{"start":{"line":60,"column":8},"end":{"line":60,"column":18}},"15":{"start":{"line":61,"column":18},"end":{"line":61,"column":39}},"16":{"start":{"line":62,"column":4},"end":{"line":64,"column":5}},"17":{"start":{"line":63,"column":6},"end":{"line":63,"column":45}},"18":{"start":{"line":66,"column":24},"end":{"line":66,"column":43}},"19":{"start":{"line":67,"column":29},"end":{"line":67,"column":51}},"20":{"start":{"line":68,"column":4},"end":{"line":70,"column":5}},"21":{"start":{"line":69,"column":6},"end":{"line":69,"column":43}},"22":{"start":{"line":72,"column":4},"end":{"line":77,"column":5}},"23":{"start":{"line":76,"column":6},"end":{"line":76,"column":57}},"24":{"start":{"line":80,"column":21},"end":{"line":96,"column":3}},"25":{"start":{"line":81,"column":28},"end":{"line":81,"column":38}},"26":{"start":{"line":82,"column":18},"end":{"line":82,"column":61}},"27":{"start":{"line":84,"column":4},"end":{"line":95,"column":6}},"28":{"start":{"line":98,"column":22},"end":{"line":110,"column":3}},"29":{"start":{"line":99,"column":28},"end":{"line":99,"column":38}},"30":{"start":{"line":101,"column":4},"end":{"line":109,"column":5}},"31":{"start":{"line":104,"column":8},"end":{"line":104,"column":32}},"32":{"start":{"line":106,"column":8},"end":{"line":106,"column":28}},"33":{"start":{"line":108,"column":8},"end":{"line":108,"column":30}},"34":{"start":{"line":113,"column":29},"end":{"line":113,"column":39}},"35":{"start":{"line":115,"column":4},"end":{"line":146,"column":6}}},"fnMap":{"0":{"name":"(anonymous_0)","decl":{"start":{"line":15,"column":2},"end":{"line":15,"column":3}},"loc":{"start":{"line":15,"column":21},"end":{"line":25,"column":3}},"line":15},"1":{"name":"(anonymous_1)","decl":{"start":{"line":27,"column":25},"end":{"line":27,"column":26}},"loc":{"start":{"line":27,"column":42},"end":{"line":29,"column":3}},"line":27},"2":{"name":"(anonymous_2)","decl":{"start":{"line":31,"column":15},"end":{"line":31,"column":16}},"loc":{"start":{"line":31,"column":21},"end":{"line":35,"column":3}},"line":31},"3":{"name":"(anonymous_3)","decl":{"start":{"line":32,"column":15},"end":{"line":32,"column":16}},"loc":{"start":{"line":32,"column":21},"end":{"line":34,"column":5}},"line":32},"4":{"name":"(anonymous_4)","decl":{"start":{"line":37,"column":17},"end":{"line":37,"column":18}},"loc":{"start":{"line":37,"column":23},"end":{"line":42,"column":3}},"line":37},"5":{"name":"(anonymous_5)","decl":{"start":{"line":44,"column":21},"end":{"line":44,"column":22}},"loc":{"start":{"line":44,"column":27},"end":{"line":54,"column":3}},"line":44},"6":{"name":"(anonymous_6)","decl":{"start":{"line":56,"column":17},"end":{"line":56,"column":18}},"loc":{"start":{"line":56,"column":23},"end":{"line":78,"column":3}},"line":56},"7":{"name":"(anonymous_7)","decl":{"start":{"line":80,"column":21},"end":{"line":80,"column":22}},"loc":{"start":{"line":80,"column":35},"end":{"line":96,"column":3}},"line":80},"8":{"name":"(anonymous_8)","decl":{"start":{"line":98,"column":22},"end":{"line":98,"column":23}},"loc":{"start":{"line":98,"column":28},"end":{"line":110,"column":3}},"line":98},"9":{"name":"(anonymous_9)","decl":{"start":{"line":112,"column":2},"end":{"line":112,"column":3}},"loc":{"start":{"line":112,"column":11},"end":{"line":147,"column":3}},"line":112}},"branchMap":{"0":{"loc":{"start":{"line":39,"column":24},"end":{"line":39,"column":71}},"type":"cond-expr","locations":[{"start":{"line":39,"column":48},"end":{"line":39,"column":49}},{"start":{"line":39,"column":52},"end":{"line":39,"column":71}}],"line":39},"1":{"loc":{"start":{"line":62,"column":4},"end":{"line":64,"column":5}},"type":"if","locations":[{"start":{"line":62,"column":4},"end":{"line":64,"column":5}},{"start":{},"end":{}}],"line":62},"2":{"loc":{"start":{"line":68,"column":4},"end":{"line":70,"column":5}},"type":"if","locations":[{"start":{"line":68,"column":4},"end":{"line":70,"column":5}},{"start":{},"end":{}}],"line":68},"3":{"loc":{"start":{"line":68,"column":8},"end":{"line":68,"column":75}},"type":"binary-expr","locations":[{"start":{"line":68,"column":8},"end":{"line":68,"column":31}},{"start":{"line":68,"column":35},"end":{"line":68,"column":75}}],"line":68},"4":{"loc":{"start":{"line":72,"column":4},"end":{"line":77,"column":5}},"type":"if","locations":[{"start":{"line":72,"column":4},"end":{"line":77,"column":5}},{"start":{},"end":{}}],"line":72},"5":{"loc":{"start":{"line":73,"column":6},"end":{"line":74,"column":51}},"type":"binary-expr","locations":[{"start":{"line":73,"column":6},"end":{"line":73,"column":37}},{"start":{"line":74,"column":6},"end":{"line":74,"column":51}}],"line":73},"6":{"loc":{"start":{"line":82,"column":18},"end":{"line":82,"column":61}},"type":"cond-expr","locations":[{"start":{"line":82,"column":38},"end":{"line":82,"column":52}},{"start":{"line":82,"column":55},"end":{"line":82,"column":61}}],"line":82},"7":{"loc":{"start":{"line":101,"column":4},"end":{"line":109,"column":5}},"type":"switch","locations":[{"start":{"line":102,"column":6},"end":{"line":102,"column":13}},{"start":{"line":103,"column":6},"end":{"line":104,"column":32}},{"start":{"line":105,"column":6},"end":{"line":106,"column":28}},{"start":{"line":107,"column":6},"end":{"line":108,"column":30}}],"line":101},"8":{"loc":{"start":{"line":142,"column":9},"end":{"line":144,"column":9}},"type":"binary-expr","locations":[{"start":{"line":142,"column":9},"end":{"line":142,"column":31}},{"start":{"line":143,"column":10},"end":{"line":143,"column":68}}],"line":142}},"s":{"0":0,"1":0,"2":0,"3":0,"4":0,"5":0,"6":0,"7":0,"8":0,"9":0,"10":0,"11":0,"12":0,"13":0,"14":0,"15":0,"16":0,"17":0,"18":0,"19":0,"20":0,"21":0,"22":0,"23":0,"24":0,"25":0,"26":0,"27":0,"28":0,"29":0,"30":0,"31":0,"32":0,"33":0,"34":0,"35":0},"f":{"0":0,"1":0,"2":0,"3":0,"4":0,"5":0,"6":0,"7":0,"8":0,"9":0},"b":{"0":[0,0],"1":[0,0],"2":[0,0],"3":[0,0],"4":[0,0],"5":[0,0],"6":[0,0],"7":[0,0,0,0],"8":[0,0]},"_coverageSchema":"1a1c01bbd47fc00a2c39e90264f33305004495a9","hash":"18450621261fc844028f319f96b8729e2ada43c8"}
,"C:\\Users\\huyto\\Desktop\\University\\2022-2023 - Proj đồ án\\glowup-frontend\\src\\config\\ComponentsConfig.js": {"path":"C:\\Users\\huyto\\Desktop\\University\\2022-2023 - Proj đồ án\\glowup-frontend\\src\\config\\ComponentsConfig.js","statementMap":{"0":{"start":{"line":6,"column":0},"end":{"line":8,"column":3}},"1":{"start":{"line":11,"column":0},"end":{"line":19,"column":3}},"2":{"start":{"line":14,"column":2},"end":{"line":18,"column":3}},"3":{"start":{"line":15,"column":4},"end":{"line":17,"column":6}}},"fnMap":{"0":{"name":"(anonymous_0)","decl":{"start":{"line":11,"column":41},"end":{"line":11,"column":42}},"loc":{"start":{"line":11,"column":61},"end":{"line":19,"column":1}},"line":11}},"branchMap":{"0":{"loc":{"start":{"line":14,"column":2},"end":{"line":18,"column":3}},"type":"if","locations":[{"start":{"line":14,"column":2},"end":{"line":18,"column":3}},{"start":{},"end":{}}],"line":14}},"s":{"0":0,"1":0,"2":0,"3":0},"f":{"0":0},"b":{"0":[0,0]}}
,"C:\\Users\\huyto\\Desktop\\University\\2022-2023 - Proj đồ án\\glowup-frontend\\src\\config\\FoundationConfig.js": {"path":"C:\\Users\\huyto\\Desktop\\University\\2022-2023 - Proj đồ án\\glowup-frontend\\src\\config\\FoundationConfig.js","statementMap":{"0":{"start":{"line":5,"column":0},"end":{"line":12,"column":3}},"1":{"start":{"line":14,"column":0},"end":{"line":18,"column":3}},"2":{"start":{"line":20,"column":0},"end":{"line":24,"column":3}}},"fnMap":{},"branchMap":{},"s":{"0":0,"1":0,"2":0},"f":{},"b":{}}
,"C:\\Users\\huyto\\Desktop\\University\\2022-2023 - Proj đồ án\\glowup-frontend\\src\\constants\\assets.js": {"path":"C:\\Users\\huyto\\Desktop\\University\\2022-2023 - Proj đồ án\\glowup-frontend\\src\\constants\\assets.js","statementMap":{},"fnMap":{},"branchMap":{},"s":{},"f":{},"b":{},"_coverageSchema":"1a1c01bbd47fc00a2c39e90264f33305004495a9","hash":"ff5d43d2a8b377f8db27cacdad9881312b52f56d"}
,"C:\\Users\\huyto\\Desktop\\University\\2022-2023 - Proj đồ án\\glowup-frontend\\src\\constants\\bioFactor.js": {"path":"C:\\Users\\huyto\\Desktop\\University\\2022-2023 - Proj đồ án\\glowup-frontend\\src\\constants\\bioFactor.js","statementMap":{"0":{"start":{"line":1,"column":25},"end":{"line":17,"column":1}}},"fnMap":{},"branchMap":{},"s":{"0":1},"f":{},"b":{},"_coverageSchema":"1a1c01bbd47fc00a2c39e90264f33305004495a9","hash":"a744ed6babcce4422fcde2763f2d9623ddf0fa7c"}
,"C:\\Users\\huyto\\Desktop\\University\\2022-2023 - Proj đồ án\\glowup-frontend\\src\\constants\\index.js": {"path":"C:\\Users\\huyto\\Desktop\\University\\2022-2023 - Proj đồ án\\glowup-frontend\\src\\constants\\index.js","statementMap":{"0":{"start":{"line":4,"column":19},"end":{"line":4,"column":31}}},"fnMap":{},"branchMap":{},"s":{"0":1},"f":{},"b":{},"_coverageSchema":"1a1c01bbd47fc00a2c39e90264f33305004495a9","hash":"77e6f0f1f8b4d220e3d5a4338784c60a902f6aa8"}
,"C:\\Users\\huyto\\Desktop\\University\\2022-2023 - Proj đồ án\\glowup-frontend\\src\\constants\\theme.js": {"path":"C:\\Users\\huyto\\Desktop\\University\\2022-2023 - Proj đồ án\\glowup-frontend\\src\\constants\\theme.js","statementMap":{"0":{"start":{"line":1,"column":22},"end":{"line":8,"column":1}},"1":{"start":{"line":10,"column":21},"end":{"line":17,"column":1}},"2":{"start":{"line":19,"column":21},"end":{"line":25,"column":1}},"3":{"start":{"line":27,"column":23},"end":{"line":61,"column":1}}},"fnMap":{},"branchMap":{},"s":{"0":1,"1":1,"2":1,"3":1},"f":{},"b":{},"_coverageSchema":"1a1c01bbd47fc00a2c39e90264f33305004495a9","hash":"ec82963a8f89bcbb3995b87a52f1503c5b20164c"}
,"C:\\Users\\huyto\\Desktop\\University\\2022-2023 - Proj đồ án\\glowup-frontend\\src\\reducer\\FriendReducer.js": {"path":"C:\\Users\\huyto\\Desktop\\University\\2022-2023 - Proj đồ án\\glowup-frontend\\src\\reducer\\FriendReducer.js","statementMap":{"0":{"start":{"line":2,"column":22},"end":{"line":5,"column":1}},"1":{"start":{"line":7,"column":23},"end":{"line":18,"column":1}},"2":{"start":{"line":8,"column":2},"end":{"line":17,"column":3}},"3":{"start":{"line":10,"column":36},"end":{"line":10,"column":41}},"4":{"start":{"line":11,"column":26},"end":{"line":11,"column":60}},"5":{"start":{"line":12,"column":6},"end":{"line":12,"column":32}},"6":{"start":{"line":13,"column":23},"end":{"line":13,"column":44}},"7":{"start":{"line":14,"column":6},"end":{"line":14,"column":22}},"8":{"start":{"line":16,"column":6},"end":{"line":16,"column":19}}},"fnMap":{"0":{"name":"(anonymous_0)","decl":{"start":{"line":7,"column":23},"end":{"line":7,"column":24}},"loc":{"start":{"line":7,"column":58},"end":{"line":18,"column":1}},"line":7}},"branchMap":{"0":{"loc":{"start":{"line":7,"column":24},"end":{"line":7,"column":45}},"type":"default-arg","locations":[{"start":{"line":7,"column":32},"end":{"line":7,"column":45}}],"line":7},"1":{"loc":{"start":{"line":8,"column":2},"end":{"line":17,"column":3}},"type":"switch","locations":[{"start":{"line":9,"column":4},"end":{"line":14,"column":22}},{"start":{"line":15,"column":4},"end":{"line":16,"column":19}}],"line":8}},"s":{"0":1,"1":1,"2":1,"3":0,"4":0,"5":0,"6":0,"7":0,"8":1},"f":{"0":1},"b":{"0":[1],"1":[0,1]},"_coverageSchema":"1a1c01bbd47fc00a2c39e90264f33305004495a9","hash":"e1cf2234ecc8f0ed696b7502306a20a8d2f11685"}
,"C:\\Users\\huyto\\Desktop\\University\\2022-2023 - Proj đồ án\\glowup-frontend\\src\\screen\\FriendScreen.js": {"path":"C:\\Users\\huyto\\Desktop\\University\\2022-2023 - Proj đồ án\\glowup-frontend\\src\\screen\\FriendScreen.js","statementMap":{"0":{"start":{"line":9,"column":4},"end":{"line":26,"column":6}},"1":{"start":{"line":14,"column":10},"end":{"line":18,"column":12}},"2":{"start":{"line":17,"column":27},"end":{"line":17,"column":54}},"3":{"start":{"line":23,"column":25},"end":{"line":23,"column":63}},"4":{"start":{"line":30,"column":15},"end":{"line":37,"column":2}},"5":{"start":{"line":39,"column":24},"end":{"line":42,"column":1}},"6":{"start":{"line":40,"column":22},"end":{"line":40,"column":27}},"7":{"start":{"line":41,"column":2},"end":{"line":41,"column":21}},"8":{"start":{"line":44,"column":27},"end":{"line":50,"column":3}},"9":{"start":{"line":45,"column":2},"end":{"line":50,"column":3}}},"fnMap":{"0":{"name":"(anonymous_0)","decl":{"start":{"line":8,"column":2},"end":{"line":8,"column":3}},"loc":{"start":{"line":8,"column":11},"end":{"line":27,"column":3}},"line":8},"1":{"name":"(anonymous_1)","decl":{"start":{"line":13,"column":41},"end":{"line":13,"column":42}},"loc":{"start":{"line":14,"column":10},"end":{"line":18,"column":12}},"line":14},"2":{"name":"(anonymous_2)","decl":{"start":{"line":17,"column":21},"end":{"line":17,"column":22}},"loc":{"start":{"line":17,"column":27},"end":{"line":17,"column":54}},"line":17},"3":{"name":"(anonymous_3)","decl":{"start":{"line":23,"column":19},"end":{"line":23,"column":20}},"loc":{"start":{"line":23,"column":25},"end":{"line":23,"column":63}},"line":23},"4":{"name":"(anonymous_4)","decl":{"start":{"line":39,"column":24},"end":{"line":39,"column":25}},"loc":{"start":{"line":39,"column":35},"end":{"line":42,"column":1}},"line":39},"5":{"name":"(anonymous_5)","decl":{"start":{"line":44,"column":27},"end":{"line":44,"column":28}},"loc":{"start":{"line":45,"column":2},"end":{"line":50,"column":3}},"line":45}},"branchMap":{},"s":{"0":0,"1":0,"2":0,"3":0,"4":1,"5":1,"6":0,"7":0,"8":1,"9":0},"f":{"0":0,"1":0,"2":0,"3":0,"4":0,"5":0},"b":{},"_coverageSchema":"1a1c01bbd47fc00a2c39e90264f33305004495a9","hash":"8e41f7097117535eadbfbbc91765831a73cccd36"}
,"C:\\Users\\huyto\\Desktop\\University\\2022-2023 - Proj đồ án\\glowup-frontend\\src\\screen\\Home.js": {"path":"C:\\Users\\huyto\\Desktop\\University\\2022-2023 - Proj đồ án\\glowup-frontend\\src\\screen\\Home.js","statementMap":{"0":{"start":{"line":10,"column":4},"end":{"line":40,"column":6}},"1":{"start":{"line":22,"column":14},"end":{"line":22,"column":55}},"2":{"start":{"line":44,"column":24},"end":{"line":47,"column":1}},"3":{"start":{"line":45,"column":22},"end":{"line":45,"column":27}},"4":{"start":{"line":46,"column":2},"end":{"line":46,"column":21}}},"fnMap":{"0":{"name":"(anonymous_0)","decl":{"start":{"line":9,"column":2},"end":{"line":9,"column":3}},"loc":{"start":{"line":9,"column":11},"end":{"line":41,"column":3}},"line":9},"1":{"name":"(anonymous_1)","decl":{"start":{"line":21,"column":21},"end":{"line":21,"column":22}},"loc":{"start":{"line":21,"column":27},"end":{"line":23,"column":13}},"line":21},"2":{"name":"(anonymous_2)","decl":{"start":{"line":44,"column":24},"end":{"line":44,"column":25}},"loc":{"start":{"line":44,"column":35},"end":{"line":47,"column":1}},"line":44}},"branchMap":{},"s":{"0":0,"1":0,"2":1,"3":0,"4":0},"f":{"0":0,"1":0,"2":0},"b":{},"_coverageSchema":"1a1c01bbd47fc00a2c39e90264f33305004495a9","hash":"2cc2f52bf9cd2c34e8974252b27fd831a7f1c77b"}
,"C:\\Users\\huyto\\Desktop\\University\\2022-2023 - Proj đồ án\\glowup-frontend\\src\\screen\\Login.js": {"path":"C:\\Users\\huyto\\Desktop\\University\\2022-2023 - Proj đồ án\\glowup-frontend\\src\\screen\\Login.js","statementMap":{"0":{"start":{"line":8,"column":4},"end":{"line":12,"column":6}}},"fnMap":{"0":{"name":"(anonymous_0)","decl":{"start":{"line":7,"column":2},"end":{"line":7,"column":3}},"loc":{"start":{"line":7,"column":11},"end":{"line":13,"column":3}},"line":7}},"branchMap":{},"s":{"0":0},"f":{"0":0},"b":{},"_coverageSchema":"1a1c01bbd47fc00a2c39e90264f33305004495a9","hash":"7991108bdb85483b7c06f5bb51e3ea43cd03b0ce"}
,"C:\\Users\\huyto\\Desktop\\University\\2022-2023 - Proj đồ án\\glowup-frontend\\src\\screen\\Register.js": {"path":"C:\\Users\\huyto\\Desktop\\University\\2022-2023 - Proj đồ án\\glowup-frontend\\src\\screen\\Register.js","statementMap":{"0":{"start":{"line":8,"column":4},"end":{"line":15,"column":6}}},"fnMap":{"0":{"name":"(anonymous_0)","decl":{"start":{"line":7,"column":2},"end":{"line":7,"column":3}},"loc":{"start":{"line":7,"column":11},"end":{"line":16,"column":3}},"line":7}},"branchMap":{},"s":{"0":0},"f":{"0":0},"b":{},"_coverageSchema":"1a1c01bbd47fc00a2c39e90264f33305004495a9","hash":"04b1c3da4fb9486f7667832fb1db81fa1a86748e"}
,"C:\\Users\\huyto\\Desktop\\University\\2022-2023 - Proj đồ án\\glowup-frontend\\src\\screen\\Survey.js": {"path":"C:\\Users\\huyto\\Desktop\\University\\2022-2023 - Proj đồ án\\glowup-frontend\\src\\screen\\Survey.js","statementMap":{"0":{"start":{"line":8,"column":4},"end":{"line":12,"column":6}}},"fnMap":{"0":{"name":"(anonymous_0)","decl":{"start":{"line":7,"column":2},"end":{"line":7,"column":3}},"loc":{"start":{"line":7,"column":11},"end":{"line":13,"column":3}},"line":7}},"branchMap":{},"s":{"0":0},"f":{"0":0},"b":{},"_coverageSchema":"1a1c01bbd47fc00a2c39e90264f33305004495a9","hash":"e21ce70035703f95bee401a44c2d112a8285616a"}
,"C:\\Users\\huyto\\Desktop\\University\\2022-2023 - Proj đồ án\\glowup-frontend\\src\\screen\\index.js": {"path":"C:\\Users\\huyto\\Desktop\\University\\2022-2023 - Proj đồ án\\glowup-frontend\\src\\screen\\index.js","statementMap":{},"fnMap":{},"branchMap":{},"s":{},"f":{},"b":{},"_coverageSchema":"1a1c01bbd47fc00a2c39e90264f33305004495a9","hash":"1b8381a3cf6ea81916888c2c0e3100810dba0223"}
}
